feature/transaction/build/intermediates/manifest_merge_blame_file/debug/processDebugManifest/manifest-merger-blame-debug-report.txt
1<?xml version="1.0" encoding="utf-8"?>
2<!--
3  ~ Copyright © 2026 Damyan Ivanov.
4  ~ This file is part of MoLe.
5  ~ MoLe is free software: you can distribute it and/or modify it
6  ~ under the term of the GNU General Public License as published by
7  ~ the Free Software Foundation, either version 3 of the License, or
8  ~ (at your opinion), any later version.
9  ~
10  ~ MoLe is distributed in the hope that it will be useful,
11  ~ but WITHOUT ANY WARRANTY; without even the implied warranty of
12  ~ MERCHANTABILITY or FITNESS FOR A PARTICULAR PURPOSE. See the
13  ~ GNU General Public License terms for details.
14  ~
15  ~ You should have received a copy of the GNU General Public License
16  ~ along with MoLe. If not, see <https://www.gnu.org/licenses/>.
17-->
18<manifest xmlns:android="http://schemas.android.com/apk/res/android"
19    package="net.ktnx.mobileledger.feature.transaction" >
20
21    <uses-sdk android:minSdkVersion="23" />
22
23</manifest>